Using pre-set license
Built from '2021.1/staging' branch; Version is '2021.1.7f1 (d91830b65d9b) revision 14227504'; Using compiler version '192528614'; Build Type 'Release'
OS: 'Windows 10 Education; OS build 19044.1466; Version 2009; 64bit' Language: 'ko' Physical Memory: 16057 MB
BatchMode: 1, IsHumanControllingUs: 0, StartBugReporterOnCrash: 0, Is64bit: 1, IsPro: 0

 COMMAND LINE ARGUMENTS:
C:\Program Files\Unity 2021.1.7f1\Editor\Unity.exe
-adb2
-batchMode
-noUpm
-name
AssetImportWorker0
-projectPath
C:/Users/Sehee/Desktop/Berkeley/수업/DeCal/Project 1/2DTutorialBase-master
-logFile
Logs/AssetImportWorker0.log
-srvPort
50353
Successfully changed project path to: C:/Users/Sehee/Desktop/Berkeley/수업/DeCal/Project 1/2DTutorialBase-master
C:/Users/Sehee/Desktop/Berkeley/수업/DeCal/Project 1/2DTutorialBase-master
Using Asset Import Pipeline V2.
Refreshing native plugins compatible for Editor in 186.16 ms, found 0 plugins.
Preloading 0 native plugins for Editor in 0.00 ms.
Initialize engine version: 2021.1.7f1 (d91830b65d9b)
[Subsystems] Discovering subsystems at path C:/Program Files/Unity 2021.1.7f1/Editor/Data/Resources/UnitySubsystems
[Subsystems] Discovering subsystems at path C:/Users/Sehee/Desktop/Berkeley/수업/DeCal/Project 1/2DTutorialBase-master/Assets
GfxDevice: creating device client; threaded=0; jobified=0
Direct3D:
    Version:  Direct3D 11.0 [level 11.1]
    Renderer: Intel(R) Iris(R) Xe Graphics (ID=0x9a49)
    Vendor:   Intel
    VRAM:     8028 MB
    Driver:   27.20.100.9415
Initialize mono
Mono path[0] = 'C:/Program Files/Unity 2021.1.7f1/Editor/Data/Managed'
Mono path[1] = 'C:/Program Files/Unity 2021.1.7f1/Editor/Data/MonoBleedingEdge/lib/mono/unityjit'
Mono config path = 'C:/Program Files/Unity 2021.1.7f1/Editor/Data/MonoBleedingEdge/etc'
Using monoOptions --debugger-agent=transport=dt_socket,embedding=1,server=y,suspend=n,address=127.0.0.1:56356
Begin MonoManager ReloadAssembly
Registering precompiled unity dll's ...
Register platform support module: C:/Program Files/Unity 2021.1.7f1/Editor/Data/PlaybackEngines/WindowsStandaloneSupport/UnityEditor.WindowsStandalone.Extensions.dll
Registered in 0.003607 seconds.
Native extension for WindowsStandalone target not found
Refreshing native plugins compatible for Editor in 98.54 ms, found 0 plugins.
Preloading 0 native plugins for Editor in 0.00 ms.
Mono: successfully reloaded assembly
- Completed reload, in  2.171 seconds
Platform modules already initialized, skipping
Registering precompiled user dll's ...
Registered in 0.009014 seconds.
Begin MonoManager ReloadAssembly
Native extension for WindowsStandalone target not found
Refreshing native plugins compatible for Editor in 1.30 ms, found 0 plugins.
Preloading 0 native plugins for Editor in 0.00 ms.
Mono: successfully reloaded assembly
- Completed reload, in  2.001 seconds
Platform modules already initialized, skipping
========================================================================
Worker process is ready to serve import requests
Launched and connected shader compiler UnityShaderCompiler.exe after 0.10 seconds
Refreshing native plugins compatible for Editor in 0.92 ms, found 0 plugins.
Preloading 0 native plugins for Editor in 0.00 ms.
Unloading 1966 Unused Serialized files (Serialized files now loaded: 0)
System memory in use before: 84.3 MB.
System memory in use after: 84.4 MB.

Unloading 54 unused Assets to reduce memory usage. Loaded Objects now: 2388.
Total: 9.148900 ms (FindLiveObjects: 0.184900 ms CreateObjectMapping: 0.085200 ms MarkObjects: 8.756000 ms  DeleteObjects: 0.120200 ms)

========================================================================
Received Import Request.
  path: Assets/Scripts/PlayerController.cs
  artifactKey: Guid(a09cc1e1180908c45933a09c0cdf8dd7) Importer(815301076,1909f56bfc062723c751e8b465ee728b)
Start importing Assets/Scripts/PlayerController.cs using Guid(a09cc1e1180908c45933a09c0cdf8dd7) Importer(815301076,1909f56bfc062723c751e8b465ee728b)  -> (artifact id: '5e5a2611affa862339cdd2d557e92e29') in 0.108711 seconds 
========================================================================
Received Prepare
Registering precompiled user dll's ...
Registered in 0.009192 seconds.
Begin MonoManager ReloadAssembly
Native extension for WindowsStandalone target not found
Refreshing native plugins compatible for Editor in 1.29 ms, found 0 plugins.
Preloading 0 native plugins for Editor in 0.00 ms.
Mono: successfully reloaded assembly
- Completed reload, in  2.062 seconds
Platform modules already initialized, skipping
Refreshing native plugins compatible for Editor in 1.17 ms, found 0 plugins.
Preloading 0 native plugins for Editor in 0.00 ms.
Unloading 1959 Unused Serialized files (Serialized files now loaded: 0)
System memory in use before: 84.1 MB.
System memory in use after: 84.2 MB.

Unloading 45 unused Assets to reduce memory usage. Loaded Objects now: 2391.
Total: 9.930700 ms (FindLiveObjects: 0.184100 ms CreateObjectMapping: 0.092600 ms MarkObjects: 9.577300 ms  DeleteObjects: 0.074400 ms)

========================================================================
Received Prepare
Registering precompiled user dll's ...
Registered in 0.008165 seconds.
Begin MonoManager ReloadAssembly
Native extension for WindowsStandalone target not found
Refreshing native plugins compatible for Editor in 0.99 ms, found 0 plugins.
Preloading 0 native plugins for Editor in 0.00 ms.
Mono: successfully reloaded assembly
- Completed reload, in  1.837 seconds
Platform modules already initialized, skipping
Refreshing native plugins compatible for Editor in 0.84 ms, found 0 plugins.
Preloading 0 native plugins for Editor in 0.00 ms.
Unloading 1959 Unused Serialized files (Serialized files now loaded: 0)
System memory in use before: 84.2 MB.
System memory in use after: 84.3 MB.

Unloading 45 unused Assets to reduce memory usage. Loaded Objects now: 2394.
Total: 7.831800 ms (FindLiveObjects: 0.189000 ms CreateObjectMapping: 0.092400 ms MarkObjects: 7.523500 ms  DeleteObjects: 0.024900 ms)

========================================================================
Received Import Request.
  Time since last request: 246.284020 seconds.
  path: Assets/Scripts/PlayerController.cs
  artifactKey: Guid(a09cc1e1180908c45933a09c0cdf8dd7) Importer(815301076,1909f56bfc062723c751e8b465ee728b)
Start importing Assets/Scripts/PlayerController.cs using Guid(a09cc1e1180908c45933a09c0cdf8dd7) Importer(815301076,1909f56bfc062723c751e8b465ee728b)  -> (artifact id: '1be166238b6632bb17020c5049397812') in 0.010348 seconds 
========================================================================
Received Prepare
Registering precompiled user dll's ...
Registered in 0.012441 seconds.
Begin MonoManager ReloadAssembly
Native extension for WindowsStandalone target not found
Refreshing native plugins compatible for Editor in 1.24 ms, found 0 plugins.
Preloading 0 native plugins for Editor in 0.00 ms.
Mono: successfully reloaded assembly
- Completed reload, in  1.839 seconds
Platform modules already initialized, skipping
Refreshing native plugins compatible for Editor in 1.08 ms, found 0 plugins.
Preloading 0 native plugins for Editor in 0.00 ms.
Unloading 1959 Unused Serialized files (Serialized files now loaded: 0)
System memory in use before: 84.2 MB.
System memory in use after: 84.3 MB.

Unloading 45 unused Assets to reduce memory usage. Loaded Objects now: 2397.
Total: 10.069500 ms (FindLiveObjects: 0.191500 ms CreateObjectMapping: 0.087800 ms MarkObjects: 9.705300 ms  DeleteObjects: 0.076000 ms)

========================================================================
Received Import Request.
  Time since last request: 164.331913 seconds.
  path: Assets/Scripts/PlayerController.cs
  artifactKey: Guid(a09cc1e1180908c45933a09c0cdf8dd7) Importer(815301076,1909f56bfc062723c751e8b465ee728b)
Start importing Assets/Scripts/PlayerController.cs using Guid(a09cc1e1180908c45933a09c0cdf8dd7) Importer(815301076,1909f56bfc062723c751e8b465ee728b)  -> (artifact id: 'f858dc3ed0271d71ebb14b7809a8511d') in 0.015001 seconds 
========================================================================
Received Prepare
Registering precompiled user dll's ...
Registered in 0.008466 seconds.
Begin MonoManager ReloadAssembly
Native extension for WindowsStandalone target not found
Refreshing native plugins compatible for Editor in 1.08 ms, found 0 plugins.
Preloading 0 native plugins for Editor in 0.00 ms.
Mono: successfully reloaded assembly
- Completed reload, in  1.833 seconds
Platform modules already initialized, skipping
Refreshing native plugins compatible for Editor in 1.16 ms, found 0 plugins.
Preloading 0 native plugins for Editor in 0.00 ms.
Unloading 1959 Unused Serialized files (Serialized files now loaded: 0)
System memory in use before: 84.2 MB.
System memory in use after: 84.3 MB.

Unloading 45 unused Assets to reduce memory usage. Loaded Objects now: 2400.
Total: 9.633800 ms (FindLiveObjects: 0.226700 ms CreateObjectMapping: 0.092100 ms MarkObjects: 9.260400 ms  DeleteObjects: 0.052800 ms)

========================================================================
Received Prepare
Registering precompiled user dll's ...
Registered in 0.009014 seconds.
Begin MonoManager ReloadAssembly
Native extension for WindowsStandalone target not found
Refreshing native plugins compatible for Editor in 1.10 ms, found 0 plugins.
Preloading 0 native plugins for Editor in 0.00 ms.
Mono: successfully reloaded assembly
- Completed reload, in  1.860 seconds
Platform modules already initialized, skipping
Refreshing native plugins compatible for Editor in 1.00 ms, found 0 plugins.
Preloading 0 native plugins for Editor in 0.00 ms.
Unloading 1959 Unused Serialized files (Serialized files now loaded: 0)
System memory in use before: 84.2 MB.
System memory in use after: 84.3 MB.

Unloading 45 unused Assets to reduce memory usage. Loaded Objects now: 2403.
Total: 8.427700 ms (FindLiveObjects: 0.204600 ms CreateObjectMapping: 0.092100 ms MarkObjects: 8.092800 ms  DeleteObjects: 0.036000 ms)

========================================================================
Received Prepare
Registering precompiled user dll's ...
Registered in 0.008146 seconds.
Begin MonoManager ReloadAssembly
Native extension for WindowsStandalone target not found
Refreshing native plugins compatible for Editor in 1.11 ms, found 0 plugins.
Preloading 0 native plugins for Editor in 0.00 ms.
Mono: successfully reloaded assembly
- Completed reload, in  1.907 seconds
Platform modules already initialized, skipping
Refreshing native plugins compatible for Editor in 1.06 ms, found 0 plugins.
Preloading 0 native plugins for Editor in 0.00 ms.
Unloading 1959 Unused Serialized files (Serialized files now loaded: 0)
System memory in use before: 84.2 MB.
System memory in use after: 84.3 MB.

Unloading 45 unused Assets to reduce memory usage. Loaded Objects now: 2406.
Total: 10.351400 ms (FindLiveObjects: 0.193300 ms CreateObjectMapping: 0.097300 ms MarkObjects: 10.008000 ms  DeleteObjects: 0.050900 ms)

========================================================================
Received Prepare
Registering precompiled user dll's ...
Registered in 0.008786 seconds.
Begin MonoManager ReloadAssembly
Native extension for WindowsStandalone target not found
Refreshing native plugins compatible for Editor in 1.26 ms, found 0 plugins.
Preloading 0 native plugins for Editor in 0.00 ms.
Mono: successfully reloaded assembly
- Completed reload, in  1.807 seconds
Platform modules already initialized, skipping
Refreshing native plugins compatible for Editor in 0.89 ms, found 0 plugins.
Preloading 0 native plugins for Editor in 0.00 ms.
Unloading 1959 Unused Serialized files (Serialized files now loaded: 0)
System memory in use before: 84.2 MB.
System memory in use after: 84.3 MB.

Unloading 45 unused Assets to reduce memory usage. Loaded Objects now: 2409.
Total: 10.370800 ms (FindLiveObjects: 0.196900 ms CreateObjectMapping: 0.099200 ms MarkObjects: 10.014000 ms  DeleteObjects: 0.057900 ms)

========================================================================
Received Prepare
Registering precompiled user dll's ...
Registered in 0.008354 seconds.
Begin MonoManager ReloadAssembly
Native extension for WindowsStandalone target not found
Refreshing native plugins compatible for Editor in 1.02 ms, found 0 plugins.
Preloading 0 native plugins for Editor in 0.00 ms.
Mono: successfully reloaded assembly
- Completed reload, in  1.966 seconds
Platform modules already initialized, skipping
Refreshing native plugins compatible for Editor in 1.04 ms, found 0 plugins.
Preloading 0 native plugins for Editor in 0.00 ms.
Unloading 1959 Unused Serialized files (Serialized files now loaded: 0)
System memory in use before: 84.2 MB.
System memory in use after: 84.3 MB.

Unloading 45 unused Assets to reduce memory usage. Loaded Objects now: 2412.
Total: 9.660800 ms (FindLiveObjects: 0.201600 ms CreateObjectMapping: 0.097200 ms MarkObjects: 9.333700 ms  DeleteObjects: 0.025700 ms)

========================================================================
Received Prepare
Registering precompiled user dll's ...
Registered in 0.008931 seconds.
Begin MonoManager ReloadAssembly
Native extension for WindowsStandalone target not found
Refreshing native plugins compatible for Editor in 1.29 ms, found 0 plugins.
Preloading 0 native plugins for Editor in 0.00 ms.
Mono: successfully reloaded assembly
- Completed reload, in  2.096 seconds
Platform modules already initialized, skipping
Refreshing native plugins compatible for Editor in 1.21 ms, found 0 plugins.
Preloading 0 native plugins for Editor in 0.00 ms.
Unloading 1959 Unused Serialized files (Serialized files now loaded: 0)
System memory in use before: 84.2 MB.
System memory in use after: 84.4 MB.

Unloading 45 unused Assets to reduce memory usage. Loaded Objects now: 2415.
Total: 10.363100 ms (FindLiveObjects: 0.229000 ms CreateObjectMapping: 0.090300 ms MarkObjects: 9.958800 ms  DeleteObjects: 0.082200 ms)

========================================================================
Received Prepare
Registering precompiled user dll's ...
Registered in 0.003550 seconds.
Begin MonoManager ReloadAssembly
Native extension for WindowsStandalone target not found
Refreshing native plugins compatible for Editor in 1.01 ms, found 0 plugins.
Preloading 0 native plugins for Editor in 0.00 ms.
Mono: successfully reloaded assembly
- Completed reload, in  1.202 seconds
Platform modules already initialized, skipping
Refreshing native plugins compatible for Editor in 0.52 ms, found 0 plugins.
Preloading 0 native plugins for Editor in 0.00 ms.
Unloading 1959 Unused Serialized files (Serialized files now loaded: 0)
System memory in use before: 84.2 MB.
System memory in use after: 84.4 MB.

Unloading 45 unused Assets to reduce memory usage. Loaded Objects now: 2418.
Total: 4.575800 ms (FindLiveObjects: 0.119800 ms CreateObjectMapping: 0.037000 ms MarkObjects: 4.375600 ms  DeleteObjects: 0.042000 ms)

========================================================================
Received Prepare
Registering precompiled user dll's ...
Registered in 0.007947 seconds.
Begin MonoManager ReloadAssembly
Native extension for WindowsStandalone target not found
Refreshing native plugins compatible for Editor in 0.84 ms, found 0 plugins.
Preloading 0 native plugins for Editor in 0.00 ms.
Mono: successfully reloaded assembly
- Completed reload, in  1.196 seconds
Platform modules already initialized, skipping
Refreshing native plugins compatible for Editor in 0.72 ms, found 0 plugins.
Preloading 0 native plugins for Editor in 0.00 ms.
Unloading 1959 Unused Serialized files (Serialized files now loaded: 0)
System memory in use before: 84.3 MB.
System memory in use after: 84.4 MB.

Unloading 45 unused Assets to reduce memory usage. Loaded Objects now: 2421.
Total: 6.013400 ms (FindLiveObjects: 0.146400 ms CreateObjectMapping: 0.042400 ms MarkObjects: 5.765800 ms  DeleteObjects: 0.056700 ms)

========================================================================
Received Prepare
Registering precompiled user dll's ...
Registered in 0.006115 seconds.
Begin MonoManager ReloadAssembly
Native extension for WindowsStandalone target not found
Refreshing native plugins compatible for Editor in 0.77 ms, found 0 plugins.
Preloading 0 native plugins for Editor in 0.00 ms.
Mono: successfully reloaded assembly
- Completed reload, in  1.175 seconds
Platform modules already initialized, skipping
Refreshing native plugins compatible for Editor in 1.08 ms, found 0 plugins.
Preloading 0 native plugins for Editor in 0.00 ms.
Unloading 1959 Unused Serialized files (Serialized files now loaded: 0)
System memory in use before: 84.3 MB.
System memory in use after: 84.4 MB.

Unloading 45 unused Assets to reduce memory usage. Loaded Objects now: 2424.
Total: 8.758100 ms (FindLiveObjects: 0.205600 ms CreateObjectMapping: 0.095900 ms MarkObjects: 8.409200 ms  DeleteObjects: 0.045300 ms)

========================================================================
Received Prepare
Registering precompiled user dll's ...
Registered in 0.004755 seconds.
Begin MonoManager ReloadAssembly
Native extension for WindowsStandalone target not found
Refreshing native plugins compatible for Editor in 0.88 ms, found 0 plugins.
Preloading 0 native plugins for Editor in 0.00 ms.
Mono: successfully reloaded assembly
- Completed reload, in  1.243 seconds
Platform modules already initialized, skipping
Refreshing native plugins compatible for Editor in 0.56 ms, found 0 plugins.
Preloading 0 native plugins for Editor in 0.00 ms.
Unloading 1959 Unused Serialized files (Serialized files now loaded: 0)
System memory in use before: 84.3 MB.
System memory in use after: 84.4 MB.

Unloading 45 unused Assets to reduce memory usage. Loaded Objects now: 2427.
Total: 10.127500 ms (FindLiveObjects: 0.275500 ms CreateObjectMapping: 0.092800 ms MarkObjects: 9.701200 ms  DeleteObjects: 0.055700 ms)

========================================================================
Received Import Request.
  Time since last request: 1183.431154 seconds.
  path: Assets/Animations/Player
  artifactKey: Guid(82292846a05ed4d68946829f230adbd2) Importer(815301076,1909f56bfc062723c751e8b465ee728b)
Start importing Assets/Animations/Player using Guid(82292846a05ed4d68946829f230adbd2) Importer(815301076,1909f56bfc062723c751e8b465ee728b)  -> (artifact id: '5c81ceeaf23ad3bf97a241d0f4b78b99') in 0.014890 seconds 
========================================================================
Received Import Request.
  Time since last request: 4.099540 seconds.
  path: Assets/Animations/Player/Attack_East.anim
  artifactKey: Guid(6a263e2c4123bda409c87000a978777b) Importer(815301076,1909f56bfc062723c751e8b465ee728b)
Start importing Assets/Animations/Player/Attack_East.anim using Guid(6a263e2c4123bda409c87000a978777b) Importer(815301076,1909f56bfc062723c751e8b465ee728b)  -> (artifact id: '81e228e08725c9216adc179b458dbaef') in 0.025881 seconds 
========================================================================
Received Import Request.
  Time since last request: 1.057383 seconds.
  path: Assets/Animations/Player/Attack_North.anim
  artifactKey: Guid(02024bf41d37f5843a024d504df4de66) Importer(815301076,1909f56bfc062723c751e8b465ee728b)
Start importing Assets/Animations/Player/Attack_North.anim using Guid(02024bf41d37f5843a024d504df4de66) Importer(815301076,1909f56bfc062723c751e8b465ee728b)  -> (artifact id: 'eea538fea41e85f34bd5dc64da6f7e12') in 0.009689 seconds 
========================================================================
Received Import Request.
  Time since last request: 33.554984 seconds.
  path: Assets/Animations/Player/Player.controller
  artifactKey: Guid(e99d932500f8c1b4b8b30cc3cd0d4790) Importer(815301076,1909f56bfc062723c751e8b465ee728b)
Start importing Assets/Animations/Player/Player.controller using Guid(e99d932500f8c1b4b8b30cc3cd0d4790) Importer(815301076,1909f56bfc062723c751e8b465ee728b)  -> (artifact id: '6192f208d6c99546070c6dc600f3f373') in 0.008316 seconds 
========================================================================
Received Import Request.
  Time since last request: 364.860162 seconds.
  path: Assets/Animations/Player/Player.controller
  artifactKey: Guid(e99d932500f8c1b4b8b30cc3cd0d4790) Importer(815301076,1909f56bfc062723c751e8b465ee728b)
Start importing Assets/Animations/Player/Player.controller using Guid(e99d932500f8c1b4b8b30cc3cd0d4790) Importer(815301076,1909f56bfc062723c751e8b465ee728b)  -> (artifact id: 'e57b715aab4b07955a4a4bb4688f6235') in 0.003826 seconds 
========================================================================
Received Import Request.
  Time since last request: 420.458558 seconds.
  path: Assets/Animations/Player/Player.controller
  artifactKey: Guid(e99d932500f8c1b4b8b30cc3cd0d4790) Importer(815301076,1909f56bfc062723c751e8b465ee728b)
Start importing Assets/Animations/Player/Player.controller using Guid(e99d932500f8c1b4b8b30cc3cd0d4790) Importer(815301076,1909f56bfc062723c751e8b465ee728b)  -> (artifact id: '5c8175a416d18eb45423601a49cbf721') in 0.005477 seconds 
========================================================================
Received Prepare
Registering precompiled user dll's ...
Registered in 0.004179 seconds.
Begin MonoManager ReloadAssembly
Native extension for WindowsStandalone target not found
Refreshing native plugins compatible for Editor in 1.11 ms, found 0 plugins.
Preloading 0 native plugins for Editor in 0.00 ms.
Mono: successfully reloaded assembly
- Completed reload, in  1.194 seconds
Platform modules already initialized, skipping
Refreshing native plugins compatible for Editor in 0.91 ms, found 0 plugins.
Preloading 0 native plugins for Editor in 0.00 ms.
Unloading 1959 Unused Serialized files (Serialized files now loaded: 0)
System memory in use before: 84.3 MB.
System memory in use after: 84.4 MB.

Unloading 45 unused Assets to reduce memory usage. Loaded Objects now: 2430.
Total: 6.222600 ms (FindLiveObjects: 0.190000 ms CreateObjectMapping: 0.061800 ms MarkObjects: 5.937800 ms  DeleteObjects: 0.030800 ms)

========================================================================
Received Import Request.
  Time since last request: 487.064957 seconds.
  path: Assets/Animations/Player/Idle_North.anim
  artifactKey: Guid(2a06b89a27a434741a00f7a045b64de4) Importer(815301076,1909f56bfc062723c751e8b465ee728b)
Start importing Assets/Animations/Player/Idle_North.anim using Guid(2a06b89a27a434741a00f7a045b64de4) Importer(815301076,1909f56bfc062723c751e8b465ee728b)  -> (artifact id: 'bcd2a83bed635a914b4ea4b24397281f') in 0.021662 seconds 
========================================================================
Received Prepare
Registering precompiled user dll's ...
Registered in 0.005272 seconds.
Begin MonoManager ReloadAssembly
Native extension for WindowsStandalone target not found
Refreshing native plugins compatible for Editor in 1.19 ms, found 0 plugins.
Preloading 0 native plugins for Editor in 0.00 ms.
Mono: successfully reloaded assembly
- Completed reload, in  1.283 seconds
Platform modules already initialized, skipping
Refreshing native plugins compatible for Editor in 0.67 ms, found 0 plugins.
Preloading 0 native plugins for Editor in 0.00 ms.
Unloading 1959 Unused Serialized files (Serialized files now loaded: 0)
System memory in use before: 84.3 MB.
System memory in use after: 84.4 MB.

Unloading 45 unused Assets to reduce memory usage. Loaded Objects now: 2433.
Total: 6.992600 ms (FindLiveObjects: 0.128600 ms CreateObjectMapping: 0.053700 ms MarkObjects: 6.743400 ms  DeleteObjects: 0.064500 ms)

========================================================================
Received Prepare
Registering precompiled user dll's ...
Registered in 0.003762 seconds.
Begin MonoManager ReloadAssembly
Native extension for WindowsStandalone target not found
Refreshing native plugins compatible for Editor in 0.61 ms, found 0 plugins.
Preloading 0 native plugins for Editor in 0.00 ms.
Mono: successfully reloaded assembly
- Completed reload, in  1.247 seconds
Platform modules already initialized, skipping
Refreshing native plugins compatible for Editor in 0.58 ms, found 0 plugins.
Preloading 0 native plugins for Editor in 0.00 ms.
Unloading 1959 Unused Serialized files (Serialized files now loaded: 0)
System memory in use before: 84.3 MB.
System memory in use after: 84.4 MB.

Unloading 45 unused Assets to reduce memory usage. Loaded Objects now: 2436.
Total: 7.276000 ms (FindLiveObjects: 0.116100 ms CreateObjectMapping: 0.044500 ms MarkObjects: 7.067700 ms  DeleteObjects: 0.045800 ms)

========================================================================
Received Prepare
Registering precompiled user dll's ...
Registered in 0.007047 seconds.
Begin MonoManager ReloadAssembly
Native extension for WindowsStandalone target not found
Refreshing native plugins compatible for Editor in 1.50 ms, found 0 plugins.
Preloading 0 native plugins for Editor in 0.00 ms.
Mono: successfully reloaded assembly
- Completed reload, in  1.339 seconds
Platform modules already initialized, skipping
Refreshing native plugins compatible for Editor in 0.76 ms, found 0 plugins.
Preloading 0 native plugins for Editor in 0.00 ms.
Unloading 1959 Unused Serialized files (Serialized files now loaded: 0)
System memory in use before: 84.3 MB.
System memory in use after: 84.4 MB.

Unloading 45 unused Assets to reduce memory usage. Loaded Objects now: 2439.
Total: 10.245800 ms (FindLiveObjects: 0.202000 ms CreateObjectMapping: 0.096900 ms MarkObjects: 9.842200 ms  DeleteObjects: 0.100300 ms)

========================================================================
Received Prepare
Registering precompiled user dll's ...
Registered in 0.007300 seconds.
Begin MonoManager ReloadAssembly
Native extension for WindowsStandalone target not found
Refreshing native plugins compatible for Editor in 1.12 ms, found 0 plugins.
Preloading 0 native plugins for Editor in 0.00 ms.
Mono: successfully reloaded assembly
- Completed reload, in  1.296 seconds
Platform modules already initialized, skipping
Refreshing native plugins compatible for Editor in 0.63 ms, found 0 plugins.
Preloading 0 native plugins for Editor in 0.00 ms.
Unloading 1959 Unused Serialized files (Serialized files now loaded: 0)
System memory in use before: 84.3 MB.
System memory in use after: 84.4 MB.

Unloading 45 unused Assets to reduce memory usage. Loaded Objects now: 2442.
Total: 4.746800 ms (FindLiveObjects: 0.123200 ms CreateObjectMapping: 0.048800 ms MarkObjects: 4.540500 ms  DeleteObjects: 0.032200 ms)

AssetImportWorkerClient::OnTransportError - code=2 error=End of file
